[INFO ] 2025-06-25 03:38:10.558 [main] factory.DriverFactory::intializeDriver::23 - Initializing WebDriver for browser: Chrome
[INFO ] 2025-06-25 03:38:12.669 [main] factory.DriverFactory::intializeDriver::48 - Driver initialized and configured successfully.
[INFO ] 2025-06-25 03:38:12.670 [main] hooks.CucumberHooks::setup::27 - Chrome browser launched successfully.
[INFO ] 2025-06-25 03:38:13.259 [main] hooks.CucumberHooks::setup::29 - Navigating to url: https://www.saucedemo.com/
[INFO ] 2025-06-25 03:38:13.348 [main] pages.LoginPage::isPageDisplayed::23 - Login page is displayed: true
[INFO ] 2025-06-25 03:38:13.595 [main] pages.LoginPage::enterUsername::35 - Entered username: standard_user
[INFO ] 2025-06-25 03:38:13.777 [main] pages.LoginPage::enterPassword::46 - Entered password: secret_sauce
[INFO ] 2025-06-25 03:38:13.954 [main] pages.LoginPage::clickLoginButton::56 - Clicked Login button
[INFO ] 2025-06-25 03:38:14.127 [main] pages.NavigationBar::clickCartButton::77 - Clicked Cart button
[INFO ] 2025-06-25 03:38:14.173 [main] pages.CartPage::isCartPageDisplayed::70 - Cart page is displayed: true
[INFO ] 2025-06-25 03:38:14.420 [main] factory.DriverFactory::intializeDriver::23 - Initializing WebDriver for browser: Chrome
[INFO ] 2025-06-25 03:38:15.682 [main] factory.DriverFactory::intializeDriver::48 - Driver initialized and configured successfully.
[INFO ] 2025-06-25 03:38:15.683 [main] hooks.CucumberHooks::setup::27 - Chrome browser launched successfully.
[INFO ] 2025-06-25 03:38:16.304 [main] hooks.CucumberHooks::setup::29 - Navigating to url: https://www.saucedemo.com/
[INFO ] 2025-06-25 03:38:16.373 [main] pages.LoginPage::isPageDisplayed::23 - Login page is displayed: true
[INFO ] 2025-06-25 03:38:16.618 [main] pages.LoginPage::enterUsername::35 - Entered username: standard_user
[INFO ] 2025-06-25 03:38:16.817 [main] pages.LoginPage::enterPassword::46 - Entered password: secret_sauce
[INFO ] 2025-06-25 03:38:17.045 [main] pages.LoginPage::clickLoginButton::56 - Clicked Login button
[INFO ] 2025-06-25 03:38:17.205 [main] pages.ProductsPage::addProductToCart::86 - Added product 'Sauce Labs Backpack' to cart.
[INFO ] 2025-06-25 03:38:17.319 [main] pages.NavigationBar::clickCartButton::77 - Clicked Cart button
[INFO ] 2025-06-25 03:38:17.422 [main] pages.CartPage::removeFromCart::87 - Removed product 'Sauce Labs Backpack' from cart.
[INFO ] 2025-06-25 03:38:22.443 [main] pages.CartPage::isProductPresent::27 - Checked presence of product 'Sauce Labs Backpack': false
[INFO ] 2025-06-25 03:38:22.712 [main] factory.DriverFactory::intializeDriver::23 - Initializing WebDriver for browser: Chrome
[INFO ] 2025-06-25 03:38:24.201 [main] factory.DriverFactory::intializeDriver::48 - Driver initialized and configured successfully.
[INFO ] 2025-06-25 03:38:24.201 [main] hooks.CucumberHooks::setup::27 - Chrome browser launched successfully.
[INFO ] 2025-06-25 03:38:24.895 [main] hooks.CucumberHooks::setup::29 - Navigating to url: https://www.saucedemo.com/
[INFO ] 2025-06-25 03:38:24.939 [main] pages.LoginPage::isPageDisplayed::23 - Login page is displayed: true
[INFO ] 2025-06-25 03:38:25.167 [main] pages.LoginPage::enterUsername::35 - Entered username: standard_user
[INFO ] 2025-06-25 03:38:25.356 [main] pages.LoginPage::enterPassword::46 - Entered password: secret_sauce
[INFO ] 2025-06-25 03:38:25.519 [main] pages.LoginPage::clickLoginButton::56 - Clicked Login button
[INFO ] 2025-06-25 03:38:25.639 [main] pages.ProductsPage::addProductToCart::86 - Added product 'Sauce Labs Backpack' to cart.
[INFO ] 2025-06-25 03:38:25.815 [main] pages.NavigationBar::clickCartButton::77 - Clicked Cart button
[INFO ] 2025-06-25 03:38:25.869 [main] pages.CartPage::getProductDescription::124 - Product 'Sauce Labs Backpack' description: carry.allTheThings() with the sleek, streamlined Sly Pack that melds uncompromising style with unequaled laptop and tablet protection.
[INFO ] 2025-06-25 03:38:26.231 [main] factory.DriverFactory::intializeDriver::23 - Initializing WebDriver for browser: Chrome
[INFO ] 2025-06-25 03:38:27.547 [main] factory.DriverFactory::intializeDriver::48 - Driver initialized and configured successfully.
[INFO ] 2025-06-25 03:38:27.547 [main] hooks.CucumberHooks::setup::27 - Chrome browser launched successfully.
[INFO ] 2025-06-25 03:38:28.112 [main] hooks.CucumberHooks::setup::29 - Navigating to url: https://www.saucedemo.com/
[INFO ] 2025-06-25 03:38:28.179 [main] pages.LoginPage::isPageDisplayed::23 - Login page is displayed: true
[INFO ] 2025-06-25 03:38:28.431 [main] pages.LoginPage::enterUsername::35 - Entered username: standard_user
[INFO ] 2025-06-25 03:38:28.638 [main] pages.LoginPage::enterPassword::46 - Entered password: secret_sauce
[INFO ] 2025-06-25 03:38:28.838 [main] pages.LoginPage::clickLoginButton::56 - Clicked Login button
[INFO ] 2025-06-25 03:38:28.962 [main] pages.ProductsPage::addProductToCart::86 - Added product 'Sauce Labs Backpack' to cart.
[INFO ] 2025-06-25 03:38:29.088 [main] pages.NavigationBar::clickCartButton::77 - Clicked Cart button
[INFO ] 2025-06-25 03:38:29.134 [main] pages.CartPage::getProductPrice::145 - Product 'Sauce Labs Backpack' price: 29.99
[INFO ] 2025-06-25 03:38:29.349 [main] factory.DriverFactory::intializeDriver::23 - Initializing WebDriver for browser: Chrome
[INFO ] 2025-06-25 03:38:30.708 [main] factory.DriverFactory::intializeDriver::48 - Driver initialized and configured successfully.
[INFO ] 2025-06-25 03:38:30.708 [main] hooks.CucumberHooks::setup::27 - Chrome browser launched successfully.
[INFO ] 2025-06-25 03:38:31.288 [main] hooks.CucumberHooks::setup::29 - Navigating to url: https://www.saucedemo.com/
[INFO ] 2025-06-25 03:38:31.368 [main] pages.LoginPage::isPageDisplayed::23 - Login page is displayed: true
[INFO ] 2025-06-25 03:38:31.638 [main] pages.LoginPage::enterUsername::35 - Entered username: standard_user
[INFO ] 2025-06-25 03:38:31.872 [main] pages.LoginPage::enterPassword::46 - Entered password: secret_sauce
[INFO ] 2025-06-25 03:38:32.047 [main] pages.LoginPage::clickLoginButton::56 - Clicked Login button
[INFO ] 2025-06-25 03:38:32.188 [main] pages.ProductsPage::addProductToCart::86 - Added product 'Sauce Labs Backpack' to cart.
[INFO ] 2025-06-25 03:38:32.296 [main] pages.NavigationBar::clickCartButton::77 - Clicked Cart button
[INFO ] 2025-06-25 03:38:32.340 [main] pages.CartPage::getProductQuantity::162 - Product 'Sauce Labs Backpack' quantity: 1
[INFO ] 2025-06-25 03:38:32.565 [main] factory.DriverFactory::intializeDriver::23 - Initializing WebDriver for browser: Chrome
[INFO ] 2025-06-25 03:38:34.141 [main] factory.DriverFactory::intializeDriver::48 - Driver initialized and configured successfully.
[INFO ] 2025-06-25 03:38:34.141 [main] hooks.CucumberHooks::setup::27 - Chrome browser launched successfully.
[INFO ] 2025-06-25 03:38:34.703 [main] hooks.CucumberHooks::setup::29 - Navigating to url: https://www.saucedemo.com/
[INFO ] 2025-06-25 03:38:34.773 [main] pages.LoginPage::isPageDisplayed::23 - Login page is displayed: true
[INFO ] 2025-06-25 03:38:35.034 [main] pages.LoginPage::enterUsername::35 - Entered username: standard_user
[INFO ] 2025-06-25 03:38:35.222 [main] pages.LoginPage::enterPassword::46 - Entered password: secret_sauce
[INFO ] 2025-06-25 03:38:35.400 [main] pages.LoginPage::clickLoginButton::56 - Clicked Login button
[INFO ] 2025-06-25 03:38:35.555 [main] pages.ProductsPage::addProductToCart::86 - Added product 'Sauce Labs Backpack' to cart.
[INFO ] 2025-06-25 03:38:35.672 [main] pages.NavigationBar::clickCartButton::77 - Clicked Cart button
[INFO ] 2025-06-25 03:38:35.802 [main] pages.CartPage::clickContinueShopping::179 - Clicked 'Continue Shopping' button.
[INFO ] 2025-06-25 03:38:35.848 [main] pages.ProductsPage::isPageDisplayed::27 - Products page displayed: true
[INFO ] 2025-06-25 03:38:36.086 [main] factory.DriverFactory::intializeDriver::23 - Initializing WebDriver for browser: Chrome
[INFO ] 2025-06-25 03:38:37.627 [main] factory.DriverFactory::intializeDriver::48 - Driver initialized and configured successfully.
[INFO ] 2025-06-25 03:38:37.628 [main] hooks.CucumberHooks::setup::27 - Chrome browser launched successfully.
[INFO ] 2025-06-25 03:38:38.180 [main] hooks.CucumberHooks::setup::29 - Navigating to url: https://www.saucedemo.com/
[INFO ] 2025-06-25 03:38:38.271 [main] pages.LoginPage::isPageDisplayed::23 - Login page is displayed: true
[INFO ] 2025-06-25 03:38:38.525 [main] pages.LoginPage::enterUsername::35 - Entered username: standard_user
[INFO ] 2025-06-25 03:38:38.704 [main] pages.LoginPage::enterPassword::46 - Entered password: secret_sauce
[INFO ] 2025-06-25 03:38:38.929 [main] pages.LoginPage::clickLoginButton::56 - Clicked Login button
[INFO ] 2025-06-25 03:38:39.059 [main] pages.ProductsPage::addProductToCart::86 - Added product 'Sauce Labs Backpack' to cart.
[INFO ] 2025-06-25 03:38:39.172 [main] pages.NavigationBar::clickCartButton::77 - Clicked Cart button
[INFO ] 2025-06-25 03:38:39.270 [main] pages.CartPage::clickCheckout::195 - Clicked 'Checkout' button.
[INFO ] 2025-06-25 03:38:39.307 [main] pages.CheckoutPage::isPageDisplayed::26 - Checkout Page displayed: true
[INFO ] 2025-06-25 03:38:39.571 [main] factory.DriverFactory::intializeDriver::23 - Initializing WebDriver for browser: Chrome
[INFO ] 2025-06-25 03:38:40.983 [main] factory.DriverFactory::intializeDriver::48 - Driver initialized and configured successfully.
[INFO ] 2025-06-25 03:38:40.984 [main] hooks.CucumberHooks::setup::27 - Chrome browser launched successfully.
[INFO ] 2025-06-25 03:38:41.539 [main] hooks.CucumberHooks::setup::29 - Navigating to url: https://www.saucedemo.com/
[INFO ] 2025-06-25 03:38:41.606 [main] pages.LoginPage::isPageDisplayed::23 - Login page is displayed: true
[INFO ] 2025-06-25 03:38:41.898 [main] pages.LoginPage::enterUsername::35 - Entered username: standard_user
[INFO ] 2025-06-25 03:38:42.072 [main] pages.LoginPage::enterPassword::46 - Entered password: secret_sauce
[INFO ] 2025-06-25 03:38:42.237 [main] pages.LoginPage::clickLoginButton::56 - Clicked Login button
[INFO ] 2025-06-25 03:38:42.368 [main] pages.ProductsPage::addProductToCart::86 - Added product 'Sauce Labs Backpack' to cart.
[INFO ] 2025-06-25 03:38:42.475 [main] pages.NavigationBar::clickCartButton::77 - Clicked Cart button
[INFO ] 2025-06-25 03:38:42.582 [main] pages.CartPage::clickCheckout::195 - Clicked 'Checkout' button.
[INFO ] 2025-06-25 03:38:42.754 [main] pages.CheckoutPage::enterFirstName::38 - Entered first name: John
[INFO ] 2025-06-25 03:38:42.901 [main] pages.CheckoutPage::enterLastName::49 - Entered last name: Doe
[INFO ] 2025-06-25 03:38:43.049 [main] pages.CheckoutPage::enterPostalCode::60 - Entered postal code: 12345
[INFO ] 2025-06-25 03:38:43.163 [main] pages.CheckoutPage::clickContinue::81 - Clicked Continue button on Checkout Page
[INFO ] 2025-06-25 03:38:43.210 [main] pages.CheckoutOverviewPage::isPageDisplayed::29 - Checkout Overview page displayed: true
[INFO ] 2025-06-25 03:38:43.426 [main] factory.DriverFactory::intializeDriver::23 - Initializing WebDriver for browser: Chrome
[INFO ] 2025-06-25 03:38:44.857 [main] factory.DriverFactory::intializeDriver::48 - Driver initialized and configured successfully.
[INFO ] 2025-06-25 03:38:44.857 [main] hooks.CucumberHooks::setup::27 - Chrome browser launched successfully.
[INFO ] 2025-06-25 03:38:45.425 [main] hooks.CucumberHooks::setup::29 - Navigating to url: https://www.saucedemo.com/
[INFO ] 2025-06-25 03:38:45.493 [main] pages.LoginPage::isPageDisplayed::23 - Login page is displayed: true
[INFO ] 2025-06-25 03:38:45.791 [main] pages.LoginPage::enterUsername::35 - Entered username: standard_user
[INFO ] 2025-06-25 03:38:45.938 [main] pages.LoginPage::enterPassword::46 - Entered password: secret_sauce
[INFO ] 2025-06-25 03:38:46.129 [main] pages.LoginPage::clickLoginButton::56 - Clicked Login button
[INFO ] 2025-06-25 03:38:46.277 [main] pages.ProductsPage::addProductToCart::86 - Added product 'Sauce Labs Backpack' to cart.
[INFO ] 2025-06-25 03:38:46.368 [main] pages.NavigationBar::clickCartButton::77 - Clicked Cart button
[INFO ] 2025-06-25 03:38:46.473 [main] pages.CartPage::clickCheckout::195 - Clicked 'Checkout' button.
[INFO ] 2025-06-25 03:38:46.587 [main] pages.CheckoutPage::enterFirstName::38 - Entered first name: 
[INFO ] 2025-06-25 03:38:46.713 [main] pages.CheckoutPage::enterLastName::49 - Entered last name: Doe
[INFO ] 2025-06-25 03:38:46.833 [main] pages.CheckoutPage::enterPostalCode::60 - Entered postal code: 12345
[INFO ] 2025-06-25 03:38:46.933 [main] pages.CheckoutPage::clickContinue::81 - Clicked Continue button on Checkout Page
[INFO ] 2025-06-25 03:38:46.984 [main] pages.CheckoutPage::getErrorMessage::70 - Captured error message: Error: First Name is required
[INFO ] 2025-06-25 03:38:47.264 [main] factory.DriverFactory::intializeDriver::23 - Initializing WebDriver for browser: Chrome
[INFO ] 2025-06-25 03:38:48.663 [main] factory.DriverFactory::intializeDriver::48 - Driver initialized and configured successfully.
[INFO ] 2025-06-25 03:38:48.663 [main] hooks.CucumberHooks::setup::27 - Chrome browser launched successfully.
[INFO ] 2025-06-25 03:38:49.263 [main] hooks.CucumberHooks::setup::29 - Navigating to url: https://www.saucedemo.com/
[INFO ] 2025-06-25 03:38:49.330 [main] pages.LoginPage::isPageDisplayed::23 - Login page is displayed: true
[INFO ] 2025-06-25 03:38:49.592 [main] pages.LoginPage::enterUsername::35 - Entered username: standard_user
[INFO ] 2025-06-25 03:38:49.764 [main] pages.LoginPage::enterPassword::46 - Entered password: secret_sauce
[INFO ] 2025-06-25 03:38:49.919 [main] pages.LoginPage::clickLoginButton::56 - Clicked Login button
[INFO ] 2025-06-25 03:38:50.056 [main] pages.ProductsPage::addProductToCart::86 - Added product 'Sauce Labs Backpack' to cart.
[INFO ] 2025-06-25 03:38:50.179 [main] pages.NavigationBar::clickCartButton::77 - Clicked Cart button
[INFO ] 2025-06-25 03:38:50.279 [main] pages.CartPage::clickCheckout::195 - Clicked 'Checkout' button.
[INFO ] 2025-06-25 03:38:50.404 [main] pages.CheckoutPage::enterFirstName::38 - Entered first name: John
[INFO ] 2025-06-25 03:38:50.509 [main] pages.CheckoutPage::enterLastName::49 - Entered last name: 
[INFO ] 2025-06-25 03:38:50.634 [main] pages.CheckoutPage::enterPostalCode::60 - Entered postal code: 12345
[INFO ] 2025-06-25 03:38:50.734 [main] pages.CheckoutPage::clickContinue::81 - Clicked Continue button on Checkout Page
[INFO ] 2025-06-25 03:38:50.786 [main] pages.CheckoutPage::getErrorMessage::70 - Captured error message: Error: Last Name is required
[INFO ] 2025-06-25 03:38:51.004 [main] factory.DriverFactory::intializeDriver::23 - Initializing WebDriver for browser: Chrome
[INFO ] 2025-06-25 03:38:52.582 [main] factory.DriverFactory::intializeDriver::48 - Driver initialized and configured successfully.
[INFO ] 2025-06-25 03:38:52.583 [main] hooks.CucumberHooks::setup::27 - Chrome browser launched successfully.
[INFO ] 2025-06-25 03:38:53.135 [main] hooks.CucumberHooks::setup::29 - Navigating to url: https://www.saucedemo.com/
[INFO ] 2025-06-25 03:38:53.208 [main] pages.LoginPage::isPageDisplayed::23 - Login page is displayed: true
[INFO ] 2025-06-25 03:38:53.483 [main] pages.LoginPage::enterUsername::35 - Entered username: standard_user
[INFO ] 2025-06-25 03:38:53.648 [main] pages.LoginPage::enterPassword::46 - Entered password: secret_sauce
[INFO ] 2025-06-25 03:38:53.814 [main] pages.LoginPage::clickLoginButton::56 - Clicked Login button
[INFO ] 2025-06-25 03:38:53.953 [main] pages.ProductsPage::addProductToCart::86 - Added product 'Sauce Labs Backpack' to cart.
[INFO ] 2025-06-25 03:38:54.087 [main] pages.NavigationBar::clickCartButton::77 - Clicked Cart button
[INFO ] 2025-06-25 03:38:54.201 [main] pages.CartPage::clickCheckout::195 - Clicked 'Checkout' button.
[INFO ] 2025-06-25 03:38:54.344 [main] pages.CheckoutPage::enterFirstName::38 - Entered first name: John
[INFO ] 2025-06-25 03:38:54.469 [main] pages.CheckoutPage::enterLastName::49 - Entered last name: Doe
[INFO ] 2025-06-25 03:38:54.573 [main] pages.CheckoutPage::enterPostalCode::60 - Entered postal code: 
[INFO ] 2025-06-25 03:38:54.681 [main] pages.CheckoutPage::clickContinue::81 - Clicked Continue button on Checkout Page
[INFO ] 2025-06-25 03:38:54.723 [main] pages.CheckoutPage::getErrorMessage::70 - Captured error message: Error: Postal Code is required
[INFO ] 2025-06-25 03:38:54.957 [main] factory.DriverFactory::intializeDriver::23 - Initializing WebDriver for browser: Chrome
[INFO ] 2025-06-25 03:38:56.285 [main] factory.DriverFactory::intializeDriver::48 - Driver initialized and configured successfully.
[INFO ] 2025-06-25 03:38:56.285 [main] hooks.CucumberHooks::setup::27 - Chrome browser launched successfully.
[INFO ] 2025-06-25 03:38:56.891 [main] hooks.CucumberHooks::setup::29 - Navigating to url: https://www.saucedemo.com/
[INFO ] 2025-06-25 03:38:56.960 [main] pages.LoginPage::isPageDisplayed::23 - Login page is displayed: true
[INFO ] 2025-06-25 03:38:57.219 [main] pages.LoginPage::enterUsername::35 - Entered username: standard_user
[INFO ] 2025-06-25 03:38:57.412 [main] pages.LoginPage::enterPassword::46 - Entered password: secret_sauce
[INFO ] 2025-06-25 03:38:57.588 [main] pages.LoginPage::clickLoginButton::56 - Clicked Login button
[INFO ] 2025-06-25 03:38:57.757 [main] pages.ProductsPage::addProductToCart::86 - Added product 'Sauce Labs Backpack' to cart.
[INFO ] 2025-06-25 03:38:57.875 [main] pages.NavigationBar::clickCartButton::77 - Clicked Cart button
[INFO ] 2025-06-25 03:38:57.997 [main] pages.CartPage::clickCheckout::195 - Clicked 'Checkout' button.
[INFO ] 2025-06-25 03:38:58.127 [main] pages.CheckoutPage::clickCancel::91 - Clicked Cancel button on Checkout Page
[INFO ] 2025-06-25 03:38:58.166 [main] pages.CartPage::isCartPageDisplayed::70 - Cart page is displayed: true
[INFO ] 2025-06-25 03:38:58.410 [main] factory.DriverFactory::intializeDriver::23 - Initializing WebDriver for browser: Chrome
[INFO ] 2025-06-25 03:39:00.035 [main] factory.DriverFactory::intializeDriver::48 - Driver initialized and configured successfully.
[INFO ] 2025-06-25 03:39:00.036 [main] hooks.CucumberHooks::setup::27 - Chrome browser launched successfully.
[INFO ] 2025-06-25 03:39:00.584 [main] hooks.CucumberHooks::setup::29 - Navigating to url: https://www.saucedemo.com/
[INFO ] 2025-06-25 03:39:00.649 [main] pages.LoginPage::isPageDisplayed::23 - Login page is displayed: true
[INFO ] 2025-06-25 03:39:00.966 [main] pages.LoginPage::enterUsername::35 - Entered username: standard_user
[INFO ] 2025-06-25 03:39:01.155 [main] pages.LoginPage::enterPassword::46 - Entered password: secret_sauce
[INFO ] 2025-06-25 03:39:01.350 [main] pages.LoginPage::clickLoginButton::56 - Clicked Login button
[INFO ] 2025-06-25 03:39:01.489 [main] pages.ProductsPage::addProductToCart::86 - Added product 'Sauce Labs Backpack' to cart.
[INFO ] 2025-06-25 03:39:01.620 [main] pages.NavigationBar::clickCartButton::77 - Clicked Cart button
[INFO ] 2025-06-25 03:39:01.752 [main] pages.CartPage::clickCheckout::195 - Clicked 'Checkout' button.
[INFO ] 2025-06-25 03:39:01.904 [main] pages.CheckoutPage::enterFirstName::38 - Entered first name: John
[INFO ] 2025-06-25 03:39:02.058 [main] pages.CheckoutPage::enterLastName::49 - Entered last name: Doe
[INFO ] 2025-06-25 03:39:02.194 [main] pages.CheckoutPage::enterPostalCode::60 - Entered postal code: 12345
[INFO ] 2025-06-25 03:39:02.314 [main] pages.CheckoutPage::clickContinue::81 - Clicked Continue button on Checkout Page
[INFO ] 2025-06-25 03:39:02.405 [main] pages.CheckoutOverviewPage::clickFinish::121 - Clicked Finish button.
[INFO ] 2025-06-25 03:39:02.450 [main] pages.CheckoutCompletePage::getSuccessMessage::56 - Success message text: Thank you for your order!
[INFO ] 2025-06-25 03:39:02.672 [main] factory.DriverFactory::intializeDriver::23 - Initializing WebDriver for browser: Chrome
[INFO ] 2025-06-25 03:39:03.952 [main] factory.DriverFactory::intializeDriver::48 - Driver initialized and configured successfully.
[INFO ] 2025-06-25 03:39:03.953 [main] hooks.CucumberHooks::setup::27 - Chrome browser launched successfully.
[INFO ] 2025-06-25 03:39:04.086 [main] hooks.CucumberHooks::setup::29 - Navigating to url: https://www.saucedemo.com/
[INFO ] 2025-06-25 03:39:04.613 [main] pages.LoginPage::isPageDisplayed::23 - Login page is displayed: true
[INFO ] 2025-06-25 03:39:04.870 [main] pages.LoginPage::enterUsername::35 - Entered username: standard_user
[INFO ] 2025-06-25 03:39:05.053 [main] pages.LoginPage::enterPassword::46 - Entered password: secret_sauce
[INFO ] 2025-06-25 03:39:05.275 [main] pages.LoginPage::clickLoginButton::56 - Clicked Login button
[INFO ] 2025-06-25 03:39:05.401 [main] pages.ProductsPage::addProductToCart::86 - Added product 'Sauce Labs Backpack' to cart.
[INFO ] 2025-06-25 03:39:05.498 [main] pages.NavigationBar::clickCartButton::77 - Clicked Cart button
[INFO ] 2025-06-25 03:39:05.595 [main] pages.CartPage::clickCheckout::195 - Clicked 'Checkout' button.
[INFO ] 2025-06-25 03:39:05.733 [main] pages.CheckoutPage::enterFirstName::38 - Entered first name: John
[INFO ] 2025-06-25 03:39:05.849 [main] pages.CheckoutPage::enterLastName::49 - Entered last name: Doe
[INFO ] 2025-06-25 03:39:05.972 [main] pages.CheckoutPage::enterPostalCode::60 - Entered postal code: 12345
[INFO ] 2025-06-25 03:39:06.118 [main] pages.CheckoutPage::clickContinue::81 - Clicked Continue button on Checkout Page
[INFO ] 2025-06-25 03:39:06.226 [main] pages.CheckoutOverviewPage::clickFinish::121 - Clicked Finish button.
[INFO ] 2025-06-25 03:39:06.347 [main] pages.CheckoutCompletePage::clickBackHome::72 - Clicked 'Back Home' button.
[INFO ] 2025-06-25 03:39:06.394 [main] pages.ProductsPage::isPageDisplayed::27 - Products page displayed: true
[INFO ] 2025-06-25 03:39:06.633 [main] factory.DriverFactory::intializeDriver::23 - Initializing WebDriver for browser: Chrome
[INFO ] 2025-06-25 03:39:07.920 [main] factory.DriverFactory::intializeDriver::48 - Driver initialized and configured successfully.
[INFO ] 2025-06-25 03:39:07.921 [main] hooks.CucumberHooks::setup::27 - Chrome browser launched successfully.
[INFO ] 2025-06-25 03:39:08.054 [main] hooks.CucumberHooks::setup::29 - Navigating to url: https://www.saucedemo.com/
[INFO ] 2025-06-25 03:39:08.526 [main] pages.LoginPage::isPageDisplayed::23 - Login page is displayed: true
[INFO ] 2025-06-25 03:39:08.817 [main] pages.LoginPage::enterUsername::35 - Entered username: standard_user
[INFO ] 2025-06-25 03:39:08.991 [main] pages.LoginPage::enterPassword::46 - Entered password: secret_sauce
[INFO ] 2025-06-25 03:39:09.200 [main] pages.LoginPage::clickLoginButton::56 - Clicked Login button
[INFO ] 2025-06-25 03:39:09.332 [main] pages.ProductsPage::addProductToCart::86 - Added product 'Sauce Labs Backpack' to cart.
[INFO ] 2025-06-25 03:39:09.433 [main] pages.NavigationBar::clickCartButton::77 - Clicked Cart button
[INFO ] 2025-06-25 03:39:09.525 [main] pages.CartPage::clickCheckout::195 - Clicked 'Checkout' button.
[INFO ] 2025-06-25 03:39:09.666 [main] pages.CheckoutPage::enterFirstName::38 - Entered first name: John
[INFO ] 2025-06-25 03:39:09.787 [main] pages.CheckoutPage::enterLastName::49 - Entered last name: Doe
[INFO ] 2025-06-25 03:39:09.903 [main] pages.CheckoutPage::enterPostalCode::60 - Entered postal code: 12345
[INFO ] 2025-06-25 03:39:10.013 [main] pages.CheckoutPage::clickContinue::81 - Clicked Continue button on Checkout Page
[INFO ] 2025-06-25 03:39:10.038 [main] pages.CheckoutOverviewPage::isProductPresent::41 - Product 'Sauce Labs Backpack' present in overview: true
[INFO ] 2025-06-25 03:39:10.095 [main] pages.CheckoutOverviewPage::getProductPrice::65 - Product 'Sauce Labs Backpack' price: 29.99
[INFO ] 2025-06-25 03:39:10.128 [main] pages.CheckoutOverviewPage::getProductQuantity::77 - Product 'Sauce Labs Backpack' quantity: 1
[INFO ] 2025-06-25 03:39:10.346 [main] factory.DriverFactory::intializeDriver::23 - Initializing WebDriver for browser: Chrome
[INFO ] 2025-06-25 03:39:11.614 [main] factory.DriverFactory::intializeDriver::48 - Driver initialized and configured successfully.
[INFO ] 2025-06-25 03:39:11.614 [main] hooks.CucumberHooks::setup::27 - Chrome browser launched successfully.
[INFO ] 2025-06-25 03:39:12.219 [main] hooks.CucumberHooks::setup::29 - Navigating to url: https://www.saucedemo.com/
[INFO ] 2025-06-25 03:39:12.291 [main] pages.LoginPage::isPageDisplayed::23 - Login page is displayed: true
[INFO ] 2025-06-25 03:39:12.558 [main] pages.LoginPage::enterUsername::35 - Entered username: standard_user
[INFO ] 2025-06-25 03:39:12.765 [main] pages.LoginPage::enterPassword::46 - Entered password: secret_sauce
[INFO ] 2025-06-25 03:39:12.919 [main] pages.LoginPage::clickLoginButton::56 - Clicked Login button
[INFO ] 2025-06-25 03:39:13.056 [main] pages.ProductsPage::addProductToCart::86 - Added product 'Sauce Labs Backpack' to cart.
[INFO ] 2025-06-25 03:39:13.192 [main] pages.NavigationBar::clickCartButton::77 - Clicked Cart button
[INFO ] 2025-06-25 03:39:13.330 [main] pages.CartPage::clickCheckout::195 - Clicked 'Checkout' button.
[INFO ] 2025-06-25 03:39:13.488 [main] pages.CheckoutPage::enterFirstName::38 - Entered first name: John
[INFO ] 2025-06-25 03:39:13.615 [main] pages.CheckoutPage::enterLastName::49 - Entered last name: Doe
[INFO ] 2025-06-25 03:39:13.745 [main] pages.CheckoutPage::enterPostalCode::60 - Entered postal code: 12345
[INFO ] 2025-06-25 03:39:13.844 [main] pages.CheckoutPage::clickContinue::81 - Clicked Continue button on Checkout Page
[INFO ] 2025-06-25 03:39:13.890 [main] pages.CheckoutOverviewPage::getTaxInformation::110 - Tax: 2.40
[INFO ] 2025-06-25 03:39:14.160 [main] factory.DriverFactory::intializeDriver::23 - Initializing WebDriver for browser: Chrome
[INFO ] 2025-06-25 03:39:15.412 [main] factory.DriverFactory::intializeDriver::48 - Driver initialized and configured successfully.
[INFO ] 2025-06-25 03:39:15.413 [main] hooks.CucumberHooks::setup::27 - Chrome browser launched successfully.
[INFO ] 2025-06-25 03:39:16.014 [main] hooks.CucumberHooks::setup::29 - Navigating to url: https://www.saucedemo.com/
[INFO ] 2025-06-25 03:39:16.076 [main] pages.LoginPage::isPageDisplayed::23 - Login page is displayed: true
[INFO ] 2025-06-25 03:39:16.364 [main] pages.LoginPage::enterUsername::35 - Entered username: standard_user
[INFO ] 2025-06-25 03:39:16.559 [main] pages.LoginPage::enterPassword::46 - Entered password: secret_sauce
[INFO ] 2025-06-25 03:39:16.741 [main] pages.LoginPage::clickLoginButton::56 - Clicked Login button
[INFO ] 2025-06-25 03:39:16.895 [main] pages.ProductsPage::addProductToCart::86 - Added product 'Sauce Labs Backpack' to cart.
[INFO ] 2025-06-25 03:39:16.998 [main] pages.NavigationBar::clickCartButton::77 - Clicked Cart button
[INFO ] 2025-06-25 03:39:17.118 [main] pages.CartPage::clickCheckout::195 - Clicked 'Checkout' button.
[INFO ] 2025-06-25 03:39:17.253 [main] pages.CheckoutPage::enterFirstName::38 - Entered first name: John
[INFO ] 2025-06-25 03:39:17.397 [main] pages.CheckoutPage::enterLastName::49 - Entered last name: Doe
[INFO ] 2025-06-25 03:39:17.529 [main] pages.CheckoutPage::enterPostalCode::60 - Entered postal code: 12345
[INFO ] 2025-06-25 03:39:17.634 [main] pages.CheckoutPage::clickContinue::81 - Clicked Continue button on Checkout Page
[INFO ] 2025-06-25 03:39:17.688 [main] pages.CheckoutOverviewPage::getSubTotalInformation::88 - Subtotal: 29.99
[INFO ] 2025-06-25 03:39:17.919 [main] factory.DriverFactory::intializeDriver::23 - Initializing WebDriver for browser: Chrome
[INFO ] 2025-06-25 03:39:19.258 [main] factory.DriverFactory::intializeDriver::48 - Driver initialized and configured successfully.
[INFO ] 2025-06-25 03:39:19.259 [main] hooks.CucumberHooks::setup::27 - Chrome browser launched successfully.
[INFO ] 2025-06-25 03:39:19.837 [main] hooks.CucumberHooks::setup::29 - Navigating to url: https://www.saucedemo.com/
[INFO ] 2025-06-25 03:39:19.905 [main] pages.LoginPage::isPageDisplayed::23 - Login page is displayed: true
[INFO ] 2025-06-25 03:39:20.222 [main] pages.LoginPage::enterUsername::35 - Entered username: standard_user
[INFO ] 2025-06-25 03:39:20.424 [main] pages.LoginPage::enterPassword::46 - Entered password: secret_sauce
[INFO ] 2025-06-25 03:39:20.629 [main] pages.LoginPage::clickLoginButton::56 - Clicked Login button
[INFO ] 2025-06-25 03:39:20.784 [main] pages.ProductsPage::addProductToCart::86 - Added product 'Sauce Labs Backpack' to cart.
[INFO ] 2025-06-25 03:39:20.899 [main] pages.NavigationBar::clickCartButton::77 - Clicked Cart button
[INFO ] 2025-06-25 03:39:21.012 [main] pages.CartPage::clickCheckout::195 - Clicked 'Checkout' button.
[INFO ] 2025-06-25 03:39:21.174 [main] pages.CheckoutPage::enterFirstName::38 - Entered first name: John
[INFO ] 2025-06-25 03:39:21.308 [main] pages.CheckoutPage::enterLastName::49 - Entered last name: Doe
[INFO ] 2025-06-25 03:39:21.426 [main] pages.CheckoutPage::enterPostalCode::60 - Entered postal code: 12345
[INFO ] 2025-06-25 03:39:21.549 [main] pages.CheckoutPage::clickContinue::81 - Clicked Continue button on Checkout Page
[INFO ] 2025-06-25 03:39:21.602 [main] pages.CheckoutOverviewPage::getTotalInformation::99 - Total: 32.39
[INFO ] 2025-06-25 03:39:21.855 [main] factory.DriverFactory::intializeDriver::23 - Initializing WebDriver for browser: Chrome
[INFO ] 2025-06-25 03:39:23.231 [main] factory.DriverFactory::intializeDriver::48 - Driver initialized and configured successfully.
[INFO ] 2025-06-25 03:39:23.231 [main] hooks.CucumberHooks::setup::27 - Chrome browser launched successfully.
[INFO ] 2025-06-25 03:39:23.826 [main] hooks.CucumberHooks::setup::29 - Navigating to url: https://www.saucedemo.com/
[INFO ] 2025-06-25 03:39:23.922 [main] pages.LoginPage::isPageDisplayed::23 - Login page is displayed: true
[INFO ] 2025-06-25 03:39:24.184 [main] pages.LoginPage::enterUsername::35 - Entered username: standard_user
[INFO ] 2025-06-25 03:39:24.386 [main] pages.LoginPage::enterPassword::46 - Entered password: secret_sauce
[INFO ] 2025-06-25 03:39:24.538 [main] pages.LoginPage::clickLoginButton::56 - Clicked Login button
[INFO ] 2025-06-25 03:39:24.668 [main] pages.ProductsPage::addProductToCart::86 - Added product 'Sauce Labs Backpack' to cart.
[INFO ] 2025-06-25 03:39:24.776 [main] pages.NavigationBar::clickCartButton::77 - Clicked Cart button
[INFO ] 2025-06-25 03:39:24.869 [main] pages.CartPage::clickCheckout::195 - Clicked 'Checkout' button.
[INFO ] 2025-06-25 03:39:24.999 [main] pages.CheckoutPage::enterFirstName::38 - Entered first name: John
[INFO ] 2025-06-25 03:39:25.133 [main] pages.CheckoutPage::enterLastName::49 - Entered last name: Doe
[INFO ] 2025-06-25 03:39:25.262 [main] pages.CheckoutPage::enterPostalCode::60 - Entered postal code: 12345
[INFO ] 2025-06-25 03:39:25.374 [main] pages.CheckoutPage::clickContinue::81 - Clicked Continue button on Checkout Page
[INFO ] 2025-06-25 03:39:25.469 [main] pages.CheckoutOverviewPage::clickCancel::131 - Clicked Cancel button.
[INFO ] 2025-06-25 03:39:25.513 [main] pages.ProductsPage::isPageDisplayed::27 - Products page displayed: true
[INFO ] 2025-06-25 03:39:25.724 [main] factory.DriverFactory::intializeDriver::23 - Initializing WebDriver for browser: Chrome
[INFO ] 2025-06-25 03:39:27.045 [main] factory.DriverFactory::intializeDriver::48 - Driver initialized and configured successfully.
[INFO ] 2025-06-25 03:39:27.046 [main] hooks.CucumberHooks::setup::27 - Chrome browser launched successfully.
[INFO ] 2025-06-25 03:39:27.638 [main] hooks.CucumberHooks::setup::29 - Navigating to url: https://www.saucedemo.com/
[INFO ] 2025-06-25 03:39:27.707 [main] pages.LoginPage::isPageDisplayed::23 - Login page is displayed: true
[INFO ] 2025-06-25 03:39:28.026 [main] pages.LoginPage::enterUsername::35 - Entered username: standard_user
[INFO ] 2025-06-25 03:39:28.227 [main] pages.LoginPage::enterPassword::46 - Entered password: secret_sauce
[INFO ] 2025-06-25 03:39:28.407 [main] pages.LoginPage::clickLoginButton::56 - Clicked Login button
[INFO ] 2025-06-25 03:39:28.542 [main] pages.ProductsPage::addProductToCart::86 - Added product 'Sauce Labs Backpack' to cart.
[INFO ] 2025-06-25 03:39:28.676 [main] pages.NavigationBar::clickCartButton::77 - Clicked Cart button
[INFO ] 2025-06-25 03:39:28.820 [main] pages.CartPage::clickCheckout::195 - Clicked 'Checkout' button.
[INFO ] 2025-06-25 03:39:28.980 [main] pages.CheckoutPage::enterFirstName::38 - Entered first name: John
[INFO ] 2025-06-25 03:39:29.134 [main] pages.CheckoutPage::enterLastName::49 - Entered last name: Doe
[INFO ] 2025-06-25 03:39:29.273 [main] pages.CheckoutPage::enterPostalCode::60 - Entered postal code: 12345
[INFO ] 2025-06-25 03:39:29.394 [main] pages.CheckoutPage::clickContinue::81 - Clicked Continue button on Checkout Page
[INFO ] 2025-06-25 03:39:29.517 [main] pages.CheckoutOverviewPage::clickFinish::121 - Clicked Finish button.
[INFO ] 2025-06-25 03:39:29.554 [main] pages.CheckoutCompletePage::isPageDisplayed::26 - Checkout Complete page displayed: true
[INFO ] 2025-06-25 03:39:29.845 [main] factory.DriverFactory::intializeDriver::23 - Initializing WebDriver for browser: Chrome
[INFO ] 2025-06-25 03:39:31.315 [main] factory.DriverFactory::intializeDriver::48 - Driver initialized and configured successfully.
[INFO ] 2025-06-25 03:39:31.315 [main] hooks.CucumberHooks::setup::27 - Chrome browser launched successfully.
[INFO ] 2025-06-25 03:39:31.891 [main] hooks.CucumberHooks::setup::29 - Navigating to url: https://www.saucedemo.com/
[INFO ] 2025-06-25 03:39:31.964 [main] pages.LoginPage::isPageDisplayed::23 - Login page is displayed: true
[INFO ] 2025-06-25 03:39:32.233 [main] pages.LoginPage::enterUsername::35 - Entered username: standard_user
[INFO ] 2025-06-25 03:39:32.418 [main] pages.LoginPage::enterPassword::46 - Entered password: secret_sauce
[INFO ] 2025-06-25 03:39:32.571 [main] pages.LoginPage::clickLoginButton::56 - Clicked Login button
[INFO ] 2025-06-25 03:39:32.630 [main] pages.ProductsPage::isPageDisplayed::27 - Products page displayed: true
[INFO ] 2025-06-25 03:39:32.875 [main] factory.DriverFactory::intializeDriver::23 - Initializing WebDriver for browser: Chrome
[INFO ] 2025-06-25 03:39:34.215 [main] factory.DriverFactory::intializeDriver::48 - Driver initialized and configured successfully.
[INFO ] 2025-06-25 03:39:34.215 [main] hooks.CucumberHooks::setup::27 - Chrome browser launched successfully.
[INFO ] 2025-06-25 03:39:34.768 [main] hooks.CucumberHooks::setup::29 - Navigating to url: https://www.saucedemo.com/
[INFO ] 2025-06-25 03:39:34.830 [main] pages.LoginPage::isPageDisplayed::23 - Login page is displayed: true
[INFO ] 2025-06-25 03:39:35.133 [main] pages.LoginPage::enterUsername::35 - Entered username: invalid_user
[INFO ] 2025-06-25 03:39:35.313 [main] pages.LoginPage::enterPassword::46 - Entered password: wrong_pass
[INFO ] 2025-06-25 03:39:35.413 [main] pages.LoginPage::clickLoginButton::56 - Clicked Login button
[INFO ] 2025-06-25 03:39:35.456 [main] pages.LoginPage::getErrorMessage::66 - Captured login error message: Epic sadface: Username and password do not match any user in this service
[INFO ] 2025-06-25 03:39:35.664 [main] factory.DriverFactory::intializeDriver::23 - Initializing WebDriver for browser: Chrome
[INFO ] 2025-06-25 03:39:37.083 [main] factory.DriverFactory::intializeDriver::48 - Driver initialized and configured successfully.
[INFO ] 2025-06-25 03:39:37.084 [main] hooks.CucumberHooks::setup::27 - Chrome browser launched successfully.
[INFO ] 2025-06-25 03:39:37.845 [main] hooks.CucumberHooks::setup::29 - Navigating to url: https://www.saucedemo.com/
[INFO ] 2025-06-25 03:39:37.890 [main] pages.LoginPage::isPageDisplayed::23 - Login page is displayed: true
[INFO ] 2025-06-25 03:39:38.142 [main] pages.LoginPage::enterUsername::35 - Entered username: locked_out_user
[INFO ] 2025-06-25 03:39:38.298 [main] pages.LoginPage::enterPassword::46 - Entered password: secret_sauce
[INFO ] 2025-06-25 03:39:38.405 [main] pages.LoginPage::clickLoginButton::56 - Clicked Login button
[INFO ] 2025-06-25 03:39:38.446 [main] pages.LoginPage::getErrorMessage::66 - Captured login error message: Epic sadface: Sorry, this user has been locked out.
[INFO ] 2025-06-25 03:39:38.655 [main] factory.DriverFactory::intializeDriver::23 - Initializing WebDriver for browser: Chrome
[INFO ] 2025-06-25 03:39:39.992 [main] factory.DriverFactory::intializeDriver::48 - Driver initialized and configured successfully.
[INFO ] 2025-06-25 03:39:39.993 [main] hooks.CucumberHooks::setup::27 - Chrome browser launched successfully.
[INFO ] 2025-06-25 03:39:40.119 [main] hooks.CucumberHooks::setup::29 - Navigating to url: https://www.saucedemo.com/
[INFO ] 2025-06-25 03:39:40.618 [main] pages.LoginPage::isPageDisplayed::23 - Login page is displayed: true
[INFO ] 2025-06-25 03:39:40.852 [main] pages.LoginPage::enterUsername::35 - Entered username: 
[INFO ] 2025-06-25 03:39:41.010 [main] pages.LoginPage::enterPassword::46 - Entered password: 
[INFO ] 2025-06-25 03:39:41.142 [main] pages.LoginPage::clickLoginButton::56 - Clicked Login button
[INFO ] 2025-06-25 03:39:41.187 [main] pages.LoginPage::getErrorMessage::66 - Captured login error message: Epic sadface: Username is required
[INFO ] 2025-06-25 03:39:41.392 [main] factory.DriverFactory::intializeDriver::23 - Initializing WebDriver for browser: Chrome
[INFO ] 2025-06-25 03:39:42.813 [main] factory.DriverFactory::intializeDriver::48 - Driver initialized and configured successfully.
[INFO ] 2025-06-25 03:39:42.813 [main] hooks.CucumberHooks::setup::27 - Chrome browser launched successfully.
[INFO ] 2025-06-25 03:39:43.410 [main] hooks.CucumberHooks::setup::29 - Navigating to url: https://www.saucedemo.com/
[INFO ] 2025-06-25 03:39:43.491 [main] pages.LoginPage::isPageDisplayed::23 - Login page is displayed: true
[INFO ] 2025-06-25 03:39:43.807 [main] pages.LoginPage::enterUsername::35 - Entered username: standard_user
[INFO ] 2025-06-25 03:39:43.952 [main] pages.LoginPage::enterPassword::46 - Entered password: secret_sauce
[INFO ] 2025-06-25 03:39:44.134 [main] pages.LoginPage::clickLoginButton::56 - Clicked Login button
[INFO ] 2025-06-25 03:39:44.257 [main] pages.NavigationBar::clickMenuButton::24 - Clicked Menu button
[INFO ] 2025-06-25 03:39:44.834 [main] pages.NavigationBar::isLogoutLinkDisplayed::44 - Logout link displayed: true
[INFO ] 2025-06-25 03:39:45.047 [main] factory.DriverFactory::intializeDriver::23 - Initializing WebDriver for browser: Chrome
[INFO ] 2025-06-25 03:39:46.336 [main] factory.DriverFactory::intializeDriver::48 - Driver initialized and configured successfully.
[INFO ] 2025-06-25 03:39:46.337 [main] hooks.CucumberHooks::setup::27 - Chrome browser launched successfully.
[INFO ] 2025-06-25 03:39:46.925 [main] hooks.CucumberHooks::setup::29 - Navigating to url: https://www.saucedemo.com/
[INFO ] 2025-06-25 03:39:46.976 [main] pages.LoginPage::isPageDisplayed::23 - Login page is displayed: true
[INFO ] 2025-06-25 03:39:47.254 [main] pages.LoginPage::enterUsername::35 - Entered username: standard_user
[INFO ] 2025-06-25 03:39:47.439 [main] pages.LoginPage::enterPassword::46 - Entered password: secret_sauce
[INFO ] 2025-06-25 03:39:47.619 [main] pages.LoginPage::clickLoginButton::56 - Clicked Login button
[INFO ] 2025-06-25 03:39:47.756 [main] pages.NavigationBar::clickMenuButton::24 - Clicked Menu button
[INFO ] 2025-06-25 03:39:48.400 [main] pages.NavigationBar::clickLogoutLink::34 - Clicked Logout link
[INFO ] 2025-06-25 03:39:48.434 [main] pages.LoginPage::isPageDisplayed::23 - Login page is displayed: true
[INFO ] 2025-06-25 03:39:48.646 [main] factory.DriverFactory::intializeDriver::23 - Initializing WebDriver for browser: Chrome
[INFO ] 2025-06-25 03:39:50.071 [main] factory.DriverFactory::intializeDriver::48 - Driver initialized and configured successfully.
[INFO ] 2025-06-25 03:39:50.071 [main] hooks.CucumberHooks::setup::27 - Chrome browser launched successfully.
[INFO ] 2025-06-25 03:39:50.644 [main] hooks.CucumberHooks::setup::29 - Navigating to url: https://www.saucedemo.com/
[INFO ] 2025-06-25 03:39:50.717 [main] pages.LoginPage::isPageDisplayed::23 - Login page is displayed: true
[INFO ] 2025-06-25 03:39:50.979 [main] pages.LoginPage::enterUsername::35 - Entered username: standard_user
[INFO ] 2025-06-25 03:39:51.135 [main] pages.LoginPage::enterPassword::46 - Entered password: secret_sauce
[INFO ] 2025-06-25 03:39:51.300 [main] pages.LoginPage::clickLoginButton::56 - Clicked Login button
[INFO ] 2025-06-25 03:39:51.453 [main] pages.ProductsPage::clickProductName::51 - Clicked product name: Sauce Labs Backpack
[INFO ] 2025-06-25 03:39:51.510 [main] pages.ProductDetailPage::getProductName::34 - Product name: Sauce Labs Backpack
[INFO ] 2025-06-25 03:39:51.723 [main] factory.DriverFactory::intializeDriver::23 - Initializing WebDriver for browser: Chrome
[INFO ] 2025-06-25 03:39:53.046 [main] factory.DriverFactory::intializeDriver::48 - Driver initialized and configured successfully.
[INFO ] 2025-06-25 03:39:53.046 [main] hooks.CucumberHooks::setup::27 - Chrome browser launched successfully.
[INFO ] 2025-06-25 03:39:53.171 [main] hooks.CucumberHooks::setup::29 - Navigating to url: https://www.saucedemo.com/
[INFO ] 2025-06-25 03:39:53.669 [main] pages.LoginPage::isPageDisplayed::23 - Login page is displayed: true
[INFO ] 2025-06-25 03:39:53.914 [main] pages.LoginPage::enterUsername::35 - Entered username: standard_user
[INFO ] 2025-06-25 03:39:54.087 [main] pages.LoginPage::enterPassword::46 - Entered password: secret_sauce
[INFO ] 2025-06-25 03:39:54.311 [main] pages.LoginPage::clickLoginButton::56 - Clicked Login button
[INFO ] 2025-06-25 03:39:54.473 [main] pages.ProductsPage::clickProductName::51 - Clicked product name: Sauce Labs Backpack
[INFO ] 2025-06-25 03:39:54.526 [main] pages.ProductDetailPage::getProductDescription::45 - Product description: carry.allTheThings() with the sleek, streamlined Sly Pack that melds uncompromising style with unequaled laptop and tablet protection.
[INFO ] 2025-06-25 03:39:54.765 [main] factory.DriverFactory::intializeDriver::23 - Initializing WebDriver for browser: Chrome
[INFO ] 2025-06-25 03:39:55.972 [main] factory.DriverFactory::intializeDriver::48 - Driver initialized and configured successfully.
[INFO ] 2025-06-25 03:39:55.973 [main] hooks.CucumberHooks::setup::27 - Chrome browser launched successfully.
[INFO ] 2025-06-25 03:39:56.569 [main] hooks.CucumberHooks::setup::29 - Navigating to url: https://www.saucedemo.com/
[INFO ] 2025-06-25 03:39:56.622 [main] pages.LoginPage::isPageDisplayed::23 - Login page is displayed: true
[INFO ] 2025-06-25 03:39:56.883 [main] pages.LoginPage::enterUsername::35 - Entered username: standard_user
[INFO ] 2025-06-25 03:39:57.109 [main] pages.LoginPage::enterPassword::46 - Entered password: secret_sauce
[INFO ] 2025-06-25 03:39:57.338 [main] pages.LoginPage::clickLoginButton::56 - Clicked Login button
[INFO ] 2025-06-25 03:39:57.506 [main] pages.ProductsPage::clickProductName::51 - Clicked product name: Sauce Labs Backpack
[INFO ] 2025-06-25 03:39:57.556 [main] pages.ProductDetailPage::getProductPrice::56 - Product price: 29.99
[INFO ] 2025-06-25 03:39:57.782 [main] factory.DriverFactory::intializeDriver::23 - Initializing WebDriver for browser: Chrome
[INFO ] 2025-06-25 03:39:59.186 [main] factory.DriverFactory::intializeDriver::48 - Driver initialized and configured successfully.
[INFO ] 2025-06-25 03:39:59.186 [main] hooks.CucumberHooks::setup::27 - Chrome browser launched successfully.
[INFO ] 2025-06-25 03:39:59.741 [main] hooks.CucumberHooks::setup::29 - Navigating to url: https://www.saucedemo.com/
[INFO ] 2025-06-25 03:39:59.791 [main] pages.LoginPage::isPageDisplayed::23 - Login page is displayed: true
[INFO ] 2025-06-25 03:40:00.029 [main] pages.LoginPage::enterUsername::35 - Entered username: standard_user
[INFO ] 2025-06-25 03:40:00.231 [main] pages.LoginPage::enterPassword::46 - Entered password: secret_sauce
[INFO ] 2025-06-25 03:40:00.426 [main] pages.LoginPage::clickLoginButton::56 - Clicked Login button
[INFO ] 2025-06-25 03:40:00.479 [main] pages.ProductsPage::isProductPresent::39 - Product 'Sauce Labs Backpack' present on Products page: true
[INFO ] 2025-06-25 03:40:00.715 [main] factory.DriverFactory::intializeDriver::23 - Initializing WebDriver for browser: Chrome
[INFO ] 2025-06-25 03:40:01.954 [main] factory.DriverFactory::intializeDriver::48 - Driver initialized and configured successfully.
[INFO ] 2025-06-25 03:40:01.954 [main] hooks.CucumberHooks::setup::27 - Chrome browser launched successfully.
[INFO ] 2025-06-25 03:40:02.537 [main] hooks.CucumberHooks::setup::29 - Navigating to url: https://www.saucedemo.com/
[INFO ] 2025-06-25 03:40:02.597 [main] pages.LoginPage::isPageDisplayed::23 - Login page is displayed: true
[INFO ] 2025-06-25 03:40:02.890 [main] pages.LoginPage::enterUsername::35 - Entered username: standard_user
[INFO ] 2025-06-25 03:40:03.079 [main] pages.LoginPage::enterPassword::46 - Entered password: secret_sauce
[INFO ] 2025-06-25 03:40:03.250 [main] pages.LoginPage::clickLoginButton::56 - Clicked Login button
[INFO ] 2025-06-25 03:40:03.456 [main] pages.ProductsPage::clickProductName::51 - Clicked product name: Sauce Labs Backpack
[INFO ] 2025-06-25 03:40:03.503 [main] pages.ProductDetailPage::getProductName::34 - Product name: Sauce Labs Backpack
[INFO ] 2025-06-25 03:40:03.720 [main] factory.DriverFactory::intializeDriver::23 - Initializing WebDriver for browser: Chrome
[INFO ] 2025-06-25 03:40:05.154 [main] factory.DriverFactory::intializeDriver::48 - Driver initialized and configured successfully.
[INFO ] 2025-06-25 03:40:05.154 [main] hooks.CucumberHooks::setup::27 - Chrome browser launched successfully.
[INFO ] 2025-06-25 03:40:05.700 [main] hooks.CucumberHooks::setup::29 - Navigating to url: https://www.saucedemo.com/
[INFO ] 2025-06-25 03:40:05.763 [main] pages.LoginPage::isPageDisplayed::23 - Login page is displayed: true
[INFO ] 2025-06-25 03:40:06.027 [main] pages.LoginPage::enterUsername::35 - Entered username: standard_user
[INFO ] 2025-06-25 03:40:06.189 [main] pages.LoginPage::enterPassword::46 - Entered password: secret_sauce
[INFO ] 2025-06-25 03:40:06.376 [main] pages.LoginPage::clickLoginButton::56 - Clicked Login button
[INFO ] 2025-06-25 03:40:06.430 [main] pages.ProductsPage::getProductDescription::62 - Description for 'Sauce Labs Backpack': carry.allTheThings() with the sleek, streamlined Sly Pack that melds uncompromising style with unequaled laptop and tablet protection.
[INFO ] 2025-06-25 03:40:06.651 [main] factory.DriverFactory::intializeDriver::23 - Initializing WebDriver for browser: Chrome
[INFO ] 2025-06-25 03:40:08.040 [main] factory.DriverFactory::intializeDriver::48 - Driver initialized and configured successfully.
[INFO ] 2025-06-25 03:40:08.040 [main] hooks.CucumberHooks::setup::27 - Chrome browser launched successfully.
[INFO ] 2025-06-25 03:40:08.621 [main] hooks.CucumberHooks::setup::29 - Navigating to url: https://www.saucedemo.com/
[INFO ] 2025-06-25 03:40:08.681 [main] pages.LoginPage::isPageDisplayed::23 - Login page is displayed: true
[INFO ] 2025-06-25 03:40:08.938 [main] pages.LoginPage::enterUsername::35 - Entered username: standard_user
[INFO ] 2025-06-25 03:40:09.124 [main] pages.LoginPage::enterPassword::46 - Entered password: secret_sauce
[INFO ] 2025-06-25 03:40:09.280 [main] pages.LoginPage::clickLoginButton::56 - Clicked Login button
[INFO ] 2025-06-25 03:40:09.346 [main] pages.ProductsPage::getProductPrice::74 - Price for 'Sauce Labs Backpack': 29.99
[INFO ] 2025-06-25 03:40:09.578 [main] factory.DriverFactory::intializeDriver::23 - Initializing WebDriver for browser: Chrome
[INFO ] 2025-06-25 03:40:10.990 [main] factory.DriverFactory::intializeDriver::48 - Driver initialized and configured successfully.
[INFO ] 2025-06-25 03:40:10.990 [main] hooks.CucumberHooks::setup::27 - Chrome browser launched successfully.
[INFO ] 2025-06-25 03:40:11.561 [main] hooks.CucumberHooks::setup::29 - Navigating to url: https://www.saucedemo.com/
[INFO ] 2025-06-25 03:40:11.635 [main] pages.LoginPage::isPageDisplayed::23 - Login page is displayed: true
[INFO ] 2025-06-25 03:40:11.876 [main] pages.LoginPage::enterUsername::35 - Entered username: standard_user
[INFO ] 2025-06-25 03:40:12.046 [main] pages.LoginPage::enterPassword::46 - Entered password: secret_sauce
[INFO ] 2025-06-25 03:40:12.239 [main] pages.LoginPage::clickLoginButton::56 - Clicked Login button
[INFO ] 2025-06-25 03:40:12.358 [main] pages.ProductsPage::addProductToCart::86 - Added product 'Sauce Labs Backpack' to cart.
[INFO ] 2025-06-25 03:40:12.404 [main] pages.NavigationBar::getCartCount::55 - Cart badge count: 1
